#! /usr/bin/vvp
:ivl_version "0.9.7 " "(v0_9_7)";
:vpi_time_precision + 0;
:vpi_module "system";
:vpi_module "v2005_math";
:vpi_module "va_math";
S_0x2147690 .scope module, "Register_Read" "Register_Read" 2 9;
 .timescale 0 0;
v0x2146e50_0 .net "InData", 18 0, C4<zzzzzzzzzzzzzzzzzzz>; 0 drivers
v0x218f650 .array "R", 7 0, 15 0;
v0x218f6d0_0 .net "clk", 0 0, C4<z>; 0 drivers
v0x218f770_0 .net "flush", 0 0, C4<z>; 0 drivers
v0x218f820_0 .net "outData", 57 0, v0x218f8c0_0; 1 drivers
v0x218f8c0_0 .var "outData_reg", 57 0;
v0x218f9a0_0 .net "resetn", 0 0, C4<z>; 0 drivers
E_0x2147da0/0 .event negedge, v0x218f9a0_0;
E_0x2147da0/1 .event posedge, v0x218f6d0_0;
E_0x2147da0 .event/or E_0x2147da0/0, E_0x2147da0/1;
    .scope S_0x2147690;
T_0 ;
    %movi 8, 1, 16;
   %ix/load 1, 0, 0;
   %ix/load 3, 0, 0;
   %set/av v0x218f650, 8, 16;
    %movi 8, 2, 16;
   %ix/load 1, 0, 0;
   %ix/load 3, 1, 0;
   %set/av v0x218f650, 8, 16;
    %movi 8, 3, 16;
   %ix/load 1, 0, 0;
   %ix/load 3, 2, 0;
   %set/av v0x218f650, 8, 16;
    %movi 8, 4, 16;
   %ix/load 1, 0, 0;
   %ix/load 3, 3, 0;
   %set/av v0x218f650, 8, 16;
    %movi 8, 5, 16;
   %ix/load 1, 0, 0;
   %ix/load 3, 4, 0;
   %set/av v0x218f650, 8, 16;
    %movi 8, 6, 16;
   %ix/load 1, 0, 0;
   %ix/load 3, 5, 0;
   %set/av v0x218f650, 8, 16;
    %movi 8, 7, 16;
   %ix/load 1, 0, 0;
   %ix/load 3, 6, 0;
   %set/av v0x218f650, 8, 16;
   %ix/load 1, 0, 0;
   %ix/load 3, 7, 0;
   %set/av v0x218f650, 0, 16;
    %end;
    .thread T_0;
    .scope S_0x2147690;
T_1 ;
    %wait E_0x2147da0;
    %load/v 8, v0x218f9a0_0, 1;
    %inv 8, 1;
    %load/v 9, v0x218f770_0, 1;
    %or 8, 9, 1;
    %jmp/0xz  T_1.0, 8;
    %set/v v0x218f8c0_0, 0, 58;
    %jmp T_1.1;
T_1.0 ;
    %load/v 8, v0x2146e50_0, 7; Only need 7 of 19 bits
; Save base=8 wid=7 in lookaside.
    %ix/load 0, 0, 0;
    %set/x0 v0x218f8c0_0, 8, 7;
    %ix/load 1, 16, 0;
    %mov 4, 0, 1;
    %jmp/1 T_1.2, 4;
    %load/x1p 24, v0x2146e50_0, 3;
    %jmp T_1.3;
T_1.2 ;
    %mov 24, 2, 3;
T_1.3 ;
; Save base=24 wid=3 in lookaside.
    %ix/get 3, 24, 3;
    %load/av 8, v0x218f650, 16;
    %ix/load 0, 10, 0;
    %set/x0 v0x218f8c0_0, 8, 16;
    %load/v 8, v0x2146e50_0, 2; Only need 2 of 19 bits
; Save base=8 wid=2 in lookaside.
    %cmpi/u 8, 3, 2;
    %jmp/1 T_1.4, 6;
    %cmpi/u 8, 2, 2;
    %jmp/1 T_1.5, 6;
    %cmpi/u 8, 1, 2;
    %jmp/1 T_1.6, 6;
    %cmpi/u 8, 0, 2;
    %jmp/1 T_1.7, 6;
    %jmp T_1.8;
T_1.4 ;
    %ix/load 1, 10, 0;
    %mov 4, 0, 1;
    %jmp/1 T_1.9, 4;
    %load/x1p 40, v0x2146e50_0, 3;
    %jmp T_1.10;
T_1.9 ;
    %mov 40, 2, 3;
T_1.10 ;
; Save base=40 wid=3 in lookaside.
    %ix/get 3, 40, 3;
    %load/av 8, v0x218f650, 16;
    %ix/load 1, 13, 0;
    %mov 4, 0, 1;
    %jmp/1 T_1.11, 4;
    %load/x1p 40, v0x2146e50_0, 3;
    %jmp T_1.12;
T_1.11 ;
    %mov 40, 2, 3;
T_1.12 ;
; Save base=40 wid=3 in lookaside.
    %ix/get 3, 40, 3;
    %load/av 24, v0x218f650, 16;
    %ix/load 0, 26, 0;
    %set/x0 v0x218f8c0_0, 8, 32;
    %jmp T_1.8;
T_1.5 ;
    %ix/load 1, 7, 0;
    %mov 4, 0, 1;
    %jmp/1 T_1.13, 4;
    %load/x1p 40, v0x2146e50_0, 6;
    %jmp T_1.14;
T_1.13 ;
    %mov 40, 2, 6;
T_1.14 ;
    %mov 8, 40, 6; Move signal select into place
    %mov 14, 0, 10;
    %ix/load 1, 13, 0;
    %mov 4, 0, 1;
    %jmp/1 T_1.15, 4;
    %load/x1p 40, v0x2146e50_0, 3;
    %jmp T_1.16;
T_1.15 ;
    %mov 40, 2, 3;
T_1.16 ;
; Save base=40 wid=3 in lookaside.
    %ix/get 3, 40, 3;
    %load/av 24, v0x218f650, 16;
    %ix/load 0, 26, 0;
    %set/x0 v0x218f8c0_0, 8, 32;
    %jmp T_1.8;
T_1.6 ;
    %ix/load 1, 7, 0;
    %mov 4, 0, 1;
    %jmp/1 T_1.17, 4;
    %load/x1p 40, v0x2146e50_0, 9;
    %jmp T_1.18;
T_1.17 ;
    %mov 40, 2, 9;
T_1.18 ;
    %mov 8, 40, 9; Move signal select into place
    %mov 17, 0, 23;
    %ix/load 0, 26, 0;
    %set/x0 v0x218f8c0_0, 8, 32;
    %jmp T_1.8;
T_1.7 ;
    %ix/load 0, 26, 0;
    %set/x0 v0x218f8c0_0, 0, 32;
    %jmp T_1.8;
T_1.8 ;
T_1.1 ;
    %jmp T_1;
    .thread T_1;
# The file index is used to find the file name in the following table.
:file_names 3;
    "N/A";
    "<interactive>";
    "Register_Read.v";
